0 info it worked if it ends with ok
1 verbose cli [ '/usr/local/bin/node',
1 verbose cli   '/usr/local/bin/npm',
1 verbose cli   'run',
1 verbose cli   'production' ]
2 info using npm@3.10.8
3 info using node@v6.9.1
4 verbose run-script [ 'preproduction', 'production', 'postproduction' ]
5 info lifecycle react-todo@1.0.0~preproduction: react-todo@1.0.0
6 silly lifecycle react-todo@1.0.0~preproduction: no script for preproduction, continuing
7 info lifecycle react-todo@1.0.0~production: react-todo@1.0.0
8 verbose lifecycle react-todo@1.0.0~production: unsafe-perm in lifecycle true
9 verbose lifecycle react-todo@1.0.0~production: PATH: /usr/local/lib/node_modules/npm/bin/node-gyp-bin:/Users/scott/Programming/learning/react-todo/node_modules/.bin:/usr/bin:/bin:/usr/sbin:/sbin:/usr/local/bin:/Applications/Postgres.app/Contents/Versions/latest/bin
10 verbose lifecycle react-todo@1.0.0~production: CWD: /Users/scott/Programming/learning/react-todo
11 silly lifecycle react-todo@1.0.0~production: Args: [ '-c', 'webpack -p' ]
12 silly lifecycle react-todo@1.0.0~production: Returned: code: 2  signal: null
13 info lifecycle react-todo@1.0.0~production: Failed to exec production script
14 verbose stack Error: react-todo@1.0.0 production: `webpack -p`
14 verbose stack Exit status 2
14 verbose stack     at EventEmitter.<anonymous> (/usr/local/lib/node_modules/npm/lib/utils/lifecycle.js:255:16)
14 verbose stack     at emitTwo (events.js:106:13)
14 verbose stack     at EventEmitter.emit (events.js:191:7)
14 verbose stack     at ChildProcess.<anonymous> (/usr/local/lib/node_modules/npm/lib/utils/spawn.js:40:14)
14 verbose stack     at emitTwo (events.js:106:13)
14 verbose stack     at ChildProcess.emit (events.js:191:7)
14 verbose stack     at maybeClose (internal/child_process.js:877:16)
14 verbose stack     at Process.ChildProcess._handle.onexit (internal/child_process.js:226:5)
15 verbose pkgid react-todo@1.0.0
16 verbose cwd /Users/scott/Programming/learning/react-todo
17 error Darwin 16.1.0
18 error argv "/usr/local/bin/node" "/usr/local/bin/npm" "run" "production"
19 error node v6.9.1
20 error npm  v3.10.8
21 error code ELIFECYCLE
22 error react-todo@1.0.0 production: `webpack -p`
22 error Exit status 2
23 error Failed at the react-todo@1.0.0 production script 'webpack -p'.
23 error Make sure you have the latest version of node.js and npm installed.
23 error If you do, this is most likely a problem with the react-todo package,
23 error not with npm itself.
23 error Tell the author that this fails on your system:
23 error     webpack -p
23 error You can get information on how to open an issue for this project with:
23 error     npm bugs react-todo
23 error Or if that isn't available, you can get their info via:
23 error     npm owner ls react-todo
23 error There is likely additional logging output above.
24 verbose exit [ 1, true ]
